<?xml version="1.0" encoding="UTF-8"?>
<!-- Generated by org.testng.reporters.JUnitReportReporter -->
<testsuite hostname="DELL" failures="0" tests="2" name="organizationTest.CreateOrganizationTest" time="0.018" errors="0" timestamp="2022-12-23T13:45:36 IST" skipped="0">
  <testcase classname="organizationTest.CreateOrganizationTest" name="tc_215_CreateOrgWithMandatoryFieldTest" time="0.013"/>
  <system-out/>
  <testcase classname="organizationTest.CreateOrganizationTest" name="tc_216_CreateOrgWithIndustryTest" time="0.005"/>
  <system-out/>
</testsuite> <!-- organizationTest.CreateOrganizationTest -->
