<?xml version="1.0" encoding="UTF-8"?>
<!-- Generated by org.testng.reporters.JUnitReportReporter -->
<testsuite hostname="DELL" failures="0" tests="1" name="organizationTest.CreateOrganizationTest" time="0.032" errors="0" timestamp="2022-12-23T13:35:38 IST" skipped="0">
  <testcase classname="organizationTest.CreateOrganizationTest" name="tc_215_CreateOrgWithMandatoryFieldTest" time="0.032"/>
  <system-out/>
</testsuite> <!-- organizationTest.CreateOrganizationTest -->
