<?xml version="1.0" encoding="UTF-8"?>
<!-- Generated by org.testng.reporters.JUnitReportReporter -->
<testsuite hostname="DELL" failures="0" tests="1" name="Sample.demo1" time="0.018" errors="0" timestamp="2022-12-14T16:43:41 IST" skipped="0">
  <testcase classname="Sample.demo1" name="sampleTest" time="0.018"/>
  <system-out/>
</testsuite> <!-- Sample.demo1 -->
